<?xml version="1.0" encoding="UTF-8"?>
<!-- Generated by org.testng.reporters.JUnitReportReporter -->
<testsuite hostname="PRATEEK" failures="0" tests="1" name="com.thinkbridge.shopbridge.SignupPage" time="16.459" errors="0" timestamp="2021-07-28T18:07:33 IST" skipped="0">
  <testcase classname="com.thinkbridge.shopbridge.SignupPage" name="logintest" time="16.459"/>
</testsuite> <!-- com.thinkbridge.shopbridge.SignupPage -->
